500
0 1423
1 1423
2 1423
3 1423
4 1423
5 1423
6 1423
7 1423
8 1423
9 1423
10 1423
11 1423
12 1423
13 1423
14 1423
15 1423
16 1423
17 1423
18 1423
19 1423
20 1423
21 1423
22 1423
23 1423
24 1423
25 1423
26 1423
27 1423
28 1423
29 1423
30 1423
31 1423
32 1423
33 1423
34 1423
35 1423
36 1423
37 1423
38 1423
39 1423
40 1423
41 1423
42 1423
43 1423
44 1423
45 1423
46 1423
47 1423
48 1423
49 1423
50 1423
51 1423
52 1423
53 1423
54 1423
55 1423
56 1423
57 1423
58 1423
59 1423
60 1423
61 1423
62 1423
63 1423
64 1423
65 1423
66 1423
67 1423
68 1423
69 1423
70 1423
71 1423
72 1423
73 1423
74 1423
75 1423
76 1423
77 1423
78 1423
79 1423
80 1423
81 1423
82 1423
83 1423
84 1423
85 1423
86 1423
87 1423
88 1423
89 1423
90 1423
91 1423
92 1423
93 1423
94 1423
95 1423
96 1423
97 1423
98 1423
99 1423
100 1423
101 1423
102 1423
103 1423
104 1423
105 1423
106 1423
107 1423
108 1423
109 1423
110 1423
111 1423
112 1423
113 1423
114 1423
115 1423
116 1423
117 1423
118 1423
119 1423
120 1423
121 1423
122 1423
123 1423
124 1423
125 1423
126 1423
127 1423
128 1423
129 1423
130 1423
131 1423
132 1423
133 1423
134 1423
135 1423
136 1423
137 1423
138 1423
139 1423
140 1423
141 1423
142 1423
143 1423
144 1423
145 1423
146 1423
147 1423
148 1423
149 1423
150 1423
151 1423
152 1423
153 1423
154 1423
155 1423
156 1423
157 1423
158 1423
159 1423
160 1423
161 1423
162 1423
163 1423
164 1423
165 1423
166 1423
167 1423
168 1423
169 1423
170 1423
171 1423
172 1423
173 1423
174 1423
175 1423
176 1423
177 1423
178 1423
179 1423
180 1423
181 1423
182 1423
183 1423
184 1423
185 1423
186 1423
187 1423
188 1423
189 1423
190 1423
191 1423
192 1423
193 1423
194 1423
195 1423
196 1423
197 1423
198 1423
199 1423
200 1423
201 1423
202 1423
203 1423
204 1423
205 1423
206 1423
207 1423
208 1423
209 1423
210 1423
211 1423
212 1423
213 1423
214 1423
215 1423
216 1423
217 1423
218 1423
219 1423
220 1423
221 1423
222 1423
223 1423
224 1423
225 1423
226 1423
227 1423
228 1423
229 1423
230 1423
231 1423
232 1423
233 1423
234 1423
235 1423
236 1423
237 1423
238 1423
239 1423
240 1423
241 1423
242 1423
243 1423
244 1423
245 1423
246 1423
247 1423
248 1423
249 1423
250 1423
251 1423
252 1423
253 1423
254 1423
255 1423
256 1423
257 1423
258 1423
259 1423
260 1423
261 1423
262 1423
263 1423
264 1423
265 1423
266 1423
267 1423
268 1423
269 1423
270 1423
271 1423
272 1423
273 1423
274 1423
275 1423
276 1423
277 1423
278 1423
279 1423
280 1423
281 1423
282 1423
283 1423
284 1423
285 1423
286 1423
287 1423
288 1423
289 1423
290 1423
291 1423
292 1423
293 1423
294 1423
295 1423
296 1423
297 1423
298 1423
299 1423
300 1423
301 1423
302 1423
303 1423
304 1423
305 1423
306 1423
307 1423
308 1423
309 1423
310 1423
311 1423
312 1423
313 1423
314 1423
315 1423
316 1423
317 1423
318 1423
319 1423
320 1423
321 1423
322 1423
323 1423
324 1423
325 1423
326 1423
327 1423
328 1423
329 1423
330 1423
331 1423
332 1423
333 1423
334 1423
335 1423
336 1423
337 1423
338 1423
339 1423
340 1423
341 1423
342 1423
343 1423
344 1423
345 1423
346 1423
347 1423
348 1423
349 1423
350 1423
351 1423
352 1423
353 1423
354 1423
355 1423
356 1423
357 1423
358 1423
359 1423
360 1423
361 1423
362 1423
363 1423
364 1423
365 1423
366 1423
367 1423
368 1423
369 1423
370 1423
371 1423
372 1423
373 1423
374 1423
375 1423
376 1423
377 1423
378 1423
379 1423
380 1423
381 1423
382 1423
383 1423
384 1423
385 1423
386 1423
387 1423
388 1423
389 1423
390 1423
391 1423
392 1423
393 1423
394 1423
395 1423
396 1423
397 1423
398 1423
399 1423
400 1423
401 1423
402 1423
403 1423
404 1423
405 1423
406 1423
407 1423
408 1423
409 1423
410 1423
411 1423
412 1423
413 1423
414 1423
415 1423
416 1423
417 1423
418 1423
419 1423
420 1423
421 1423
422 1423
423 1423
424 1423
425 1423
426 1423
427 1423
428 1423
429 1423
430 1423
431 1423
432 1423
433 1423
434 1423
435 1423
436 1423
437 1423
438 1423
439 1423
440 1423
441 1423
442 1423
443 1423
444 1423
445 1423
446 1423
447 1423
448 1423
449 1423
450 1423
451 1423
452 1423
453 1423
454 1423
455 1423
456 1423
457 1423
458 1423
459 1423
460 1423
461 1423
462 1423
463 1423
464 1423
465 1423
466 1423
467 1423
468 1423
469 1423
470 1423
471 1423
472 1423
473 1423
474 1423
475 1423
476 1423
477 1423
478 1423
479 1423
480 1423
481 1423
482 1423
483 1423
484 1423
485 1423
486 1423
487 1423
488 1423
489 1423
490 1423
491 1423
492 1423
493 1423
494 1423
495 1423
496 1423
497 1423
498 1423
499 1423
